<?xml version="1.0" encoding="UTF-8"?>
<!-- Generated by org.testng.reporters.JUnitReportReporter -->
<testsuite hostname="vymo-ThinkPad-E14-Gen-2" failures="0" tests="1" name="testCases.tc_01_Registrationpage" time="4.428" errors="0" timestamp="2025-04-15T16:57:57 IST" skipped="0">
  <testcase classname="testCases.tc_01_Registrationpage" name="testcase" time="4.428"/>
</testsuite> <!-- testCases.tc_01_Registrationpage -->
